<?xml version="1.0" encoding="UTF-8"?>
<!-- Generated by org.testng.reporters.JUnitXMLReporter -->
<testsuite ignored="0" hostname="DESKTOP-ICG6BLL" failures="0" tests="1" name="IETest" time="0.131" errors="0" timestamp="2020-11-29T00:12:38 IST">
  <testcase classname="CrossBrowser" name="@BeforeTest browser_Selection" time="0.019">
    <failure type="java.lang.Exception" message="Other browser defined">
      <![CDATA[java.lang.Exception: Other browser defined
at CrossBrowser.browser_Selection(CrossBrowser.java:34)
at java.base/java.util.concurrent.FutureTask.run(FutureTask.java:264)
at java.base/java.util.concurrent.ThreadPoolExecutor.runWorker(ThreadPoolExecutor.java:1130)
at java.base/java.util.concurrent.ThreadPoolExecutor$Worker.run(ThreadPoolExecutor.java:630)
at java.base/java.lang.Thread.run(Thread.java:832)
... Removed 15 stack frames]]>
    </failure>
  </testcase> <!-- @BeforeTest browser_Selection -->
  <testcase classname="CrossBrowser" name="launchURL" time="0.0">
    <skipped/>
  </testcase> <!-- launchURL -->
</testsuite> <!-- IETest -->
