<?xml version="1.0" encoding="UTF-8"?>
<!-- Generated by org.testng.reporters.JUnitReportReporter -->
<testsuite hostname="DESKTOP-ICG6BLL" failures="0" tests="2" name="com.testng.learning.GroupingConcept" time="0.017" errors="0" timestamp="2020-11-29T19:03:45 IST" skipped="0">
  <testcase classname="com.testng.learning.GroupingConcept" name="apple2" time="0.002"/>
  <system-out/>
  <testcase classname="com.testng.learning.GroupingConcept" name="apple1" time="0.015"/>
  <system-out/>
</testsuite> <!-- com.testng.learning.GroupingConcept -->
