<?xml version="1.0" encoding="UTF-8"?>
<!-- Generated by org.testng.reporters.JUnitReportReporter -->
<testsuite hostname="DESKTOP-ICG6BLL" failures="0" tests="3" name="CrossBrowser" time="18.542" errors="0" timestamp="2020-11-29T14:30:39 IST" skipped="0">
  <testcase classname="CrossBrowser" name="launchURL" time="10.889"/>
  <system-out/>
  <testcase classname="CrossBrowser" name="launchURL" time="3.068"/>
  <system-out/>
  <testcase classname="CrossBrowser" name="launchURL" time="4.585"/>
  <system-out/>
</testsuite> <!-- CrossBrowser -->
