<?xml version="1.0" encoding="UTF-8"?>
<!-- Generated by org.testng.reporters.JUnitReportReporter -->
<testsuite hostname="DESKTOP-ICG6BLL" failures="0" tests="3" name="com.testng.learning.CrossBrowser" time="22.744" errors="0" timestamp="2020-11-29T19:34:35 IST" skipped="0">
  <testcase classname="com.testng.learning.CrossBrowser" name="launchURL" time="13.224"/>
  <system-out/>
  <testcase classname="com.testng.learning.CrossBrowser" name="launchURL" time="5.427"/>
  <system-out/>
  <testcase classname="com.testng.learning.CrossBrowser" name="launchURL" time="4.093"/>
  <system-out/>
</testsuite> <!-- com.testng.learning.CrossBrowser -->
